[35m@plasmohq/bms:build[0m: cache hit, replaying output [2me5cf02dad1ac12c6[0m
[35m@plasmohq/bms:build: [0m
[35m@plasmohq/bms:build: [0m> @plasmohq/bms@1.14.0 build P:\Projects\plasmo-corp\bpp\packages\bms
[35m@plasmohq/bms:build: [0m> run-p build:type build:compile
[35m@plasmohq/bms:build: [0m
[35m@plasmohq/bms:build: [0m
[35m@plasmohq/bms:build: [0m> @plasmohq/bms@1.14.0 build:type P:\Projects\plasmo-corp\bpp\packages\bms
[35m@plasmohq/bms:build: [0m> tsup src/index.ts --dts-only --dts-resolve
[35m@plasmohq/bms:build: [0m
[35m@plasmohq/bms:build: [0m
[35m@plasmohq/bms:build: [0m> @plasmohq/bms@1.14.0 build:compile P:\Projects\plasmo-corp\bpp\packages\bms
[35m@plasmohq/bms:build: [0m> esbuild src/index.ts --bundle --minify --platform=node --outdir=dist
[35m@plasmohq/bms:build: [0m
[35m@plasmohq/bms:build: [0m[34mCLI[39m Building entry: src/index.ts
[35m@plasmohq/bms:build: [0m[34mCLI[39m Using tsconfig: tsconfig.json
[35m@plasmohq/bms:build: [0m[34mCLI[39m tsup v6.2.3
[35m@plasmohq/bms:build: [0m
[35m@plasmohq/bms:build: [0m  dist\index.js  240.4kb
[35m@plasmohq/bms:build: [0m
[35m@plasmohq/bms:build: [0m⚡ Done in 978ms
[35m@plasmohq/bms:build: [0m[34mDTS[39m Build start
[35m@plasmohq/bms:build: [0m[32mDTS[39m ⚡️ Build success in 4706ms
[35m@plasmohq/bms:build: [0m[32mDTS[39m [1mdist\index.d.ts [22m[32m2.37 KB[39m
